f:\doubletap.space v4 src\doubletaprage.03.28.2021\doubletaprage.01.28.2020\doubletaprage.01.21.2020\doubletaprage.12.16.2020\doubletaprage.11.26.2020\backup\doubletaprage\bin\win32\release\airstrafe.obj
f:\doubletap.space v4 src\doubletaprage.03.28.2021\doubletaprage.01.28.2020\doubletaprage.01.21.2020\doubletaprage.12.16.2020\doubletaprage.11.26.2020\backup\doubletaprage\bin\win32\release\key_binds.obj
f:\doubletap.space v4 src\doubletaprage.03.28.2021\doubletaprage.01.28.2020\doubletaprage.01.21.2020\doubletaprage.12.16.2020\doubletaprage.11.26.2020\backup\doubletaprage\bin\win32\release\player_esp.obj
f:\doubletap.space v4 src\doubletaprage.03.28.2021\doubletaprage.01.28.2020\doubletaprage.01.21.2020\doubletaprage.12.16.2020\doubletaprage.11.26.2020\backup\doubletaprage\bin\win32\release\hooked_getmaterial.obj
f:\doubletap.space v4 src\doubletaprage.03.28.2021\doubletaprage.01.28.2020\doubletaprage.01.21.2020\doubletaprage.12.16.2020\doubletaprage.11.26.2020\backup\doubletaprage\bin\win32\release\hooked_trace.obj
f:\doubletap.space v4 src\doubletaprage.03.28.2021\doubletaprage.01.28.2020\doubletaprage.01.21.2020\doubletaprage.12.16.2020\doubletaprage.11.26.2020\backup\doubletaprage\bin\win32\release\main.obj
f:\doubletap.space v4 src\doubletaprage.03.28.2021\doubletaprage.01.28.2020\doubletaprage.01.21.2020\doubletaprage.12.16.2020\doubletaprage.11.26.2020\backup\doubletaprage\bin\win32\release\structs.obj
f:\doubletap.space v4 src\doubletaprage.03.28.2021\doubletaprage.01.28.2020\doubletaprage.01.21.2020\doubletaprage.12.16.2020\doubletaprage.11.26.2020\backup\doubletaprage\bin\win32\release\util.obj
f:\doubletap.space v4 src\doubletaprage.03.28.2021\doubletaprage.01.28.2020\doubletaprage.01.21.2020\doubletaprage.12.16.2020\doubletaprage.11.26.2020\backup\doubletaprage\bin\win32\release\slowwalk.obj
f:\doubletap.space v4 src\doubletaprage.03.28.2021\doubletaprage.01.28.2020\doubletaprage.01.21.2020\doubletaprage.12.16.2020\doubletaprage.11.26.2020\backup\doubletaprage\bin\win32\release\logs.obj
f:\doubletap.space v4 src\doubletaprage.03.28.2021\doubletaprage.01.28.2020\doubletaprage.01.21.2020\doubletaprage.12.16.2020\doubletaprage.11.26.2020\backup\doubletaprage\bin\win32\release\world_visuals.obj
f:\doubletap.space v4 src\doubletaprage.03.28.2021\doubletaprage.01.28.2020\doubletaprage.01.21.2020\doubletaprage.12.16.2020\doubletaprage.11.26.2020\backup\doubletaprage\bin\win32\release\hooked_ishltv.obj
f:\doubletap.space v4 src\doubletaprage.03.28.2021\doubletaprage.01.28.2020\doubletaprage.01.21.2020\doubletaprage.12.16.2020\doubletaprage.11.26.2020\backup\doubletaprage\bin\win32\release\messages hooks.obj
f:\doubletap.space v4 src\doubletaprage.03.28.2021\doubletaprage.01.28.2020\doubletaprage.01.21.2020\doubletaprage.12.16.2020\doubletaprage.11.26.2020\backup\doubletaprage\bin\win32\release\merged_compiled.obj
f:\doubletap.space v4 src\doubletaprage.03.28.2021\doubletaprage.01.28.2020\doubletaprage.01.21.2020\doubletaprage.12.16.2020\doubletaprage.11.26.2020\backup\doubletaprage\bin\win32\release\inprediction.obj
f:\doubletap.space v4 src\doubletaprage.03.28.2021\doubletaprage.01.28.2020\doubletaprage.01.21.2020\doubletaprage.12.16.2020\doubletaprage.11.26.2020\backup\doubletaprage\bin\win32\release\vmatrix.obj
f:\doubletap.space v4 src\doubletaprage.03.28.2021\doubletaprage.01.28.2020\doubletaprage.01.21.2020\doubletaprage.12.16.2020\doubletaprage.11.26.2020\backup\doubletaprage\bin\win32\release\threadtools.obj
f:\doubletap.space v4 src\doubletaprage.03.28.2021\doubletaprage.01.28.2020\doubletaprage.01.21.2020\doubletaprage.12.16.2020\doubletaprage.11.26.2020\backup\doubletaprage\bin\win32\release\parser.obj
f:\doubletap.space v4 src\doubletaprage.03.28.2021\doubletaprage.01.28.2020\doubletaprage.01.21.2020\doubletaprage.12.16.2020\doubletaprage.11.26.2020\backup\doubletaprage\bin\win32\release\math.obj
f:\doubletap.space v4 src\doubletaprage.03.28.2021\doubletaprage.01.28.2020\doubletaprage.01.21.2020\doubletaprage.12.16.2020\doubletaprage.11.26.2020\backup\doubletaprage\bin\win32\release\bunnyhop.obj
f:\doubletap.space v4 src\doubletaprage.03.28.2021\doubletaprage.01.28.2020\doubletaprage.01.21.2020\doubletaprage.12.16.2020\doubletaprage.11.26.2020\backup\doubletaprage\bin\win32\release\zeusbot.obj
f:\doubletap.space v4 src\doubletaprage.03.28.2021\doubletaprage.01.28.2020\doubletaprage.01.21.2020\doubletaprage.12.16.2020\doubletaprage.11.26.2020\backup\doubletaprage\bin\win32\release\hooked_dme.obj
f:\doubletap.space v4 src\doubletaprage.03.28.2021\doubletaprage.01.28.2020\doubletaprage.01.21.2020\doubletaprage.12.16.2020\doubletaprage.11.26.2020\backup\doubletaprage\bin\win32\release\hooked_postscreeneffects.obj
f:\doubletap.space v4 src\doubletaprage.03.28.2021\doubletaprage.01.28.2020\doubletaprage.01.21.2020\doubletaprage.12.16.2020\doubletaprage.11.26.2020\backup\doubletaprage\bin\win32\release\imgui_draw.obj
f:\doubletap.space v4 src\doubletaprage.03.28.2021\doubletaprage.01.28.2020\doubletaprage.01.21.2020\doubletaprage.12.16.2020\doubletaprage.11.26.2020\backup\doubletaprage\bin\win32\release\kitparser.obj
f:\doubletap.space v4 src\doubletaprage.03.28.2021\doubletaprage.01.28.2020\doubletaprage.01.21.2020\doubletaprage.12.16.2020\doubletaprage.11.26.2020\backup\doubletaprage\bin\win32\release\networkedvariables.obj
f:\doubletap.space v4 src\doubletaprage.03.28.2021\doubletaprage.01.28.2020\doubletaprage.01.21.2020\doubletaprage.12.16.2020\doubletaprage.11.26.2020\backup\doubletaprage\bin\win32\release\utlbuffer.obj
f:\doubletap.space v4 src\doubletaprage.03.28.2021\doubletaprage.01.28.2020\doubletaprage.01.21.2020\doubletaprage.12.16.2020\doubletaprage.11.26.2020\backup\doubletaprage\bin\win32\release\backtrack.obj
f:\doubletap.space v4 src\doubletaprage.03.28.2021\doubletaprage.01.28.2020\doubletaprage.01.21.2020\doubletaprage.12.16.2020\doubletaprage.11.26.2020\backup\doubletaprage\bin\win32\release\aim.obj
f:\doubletap.space v4 src\doubletaprage.03.28.2021\doubletaprage.01.28.2020\doubletaprage.01.21.2020\doubletaprage.12.16.2020\doubletaprage.11.26.2020\backup\doubletaprage\bin\win32\release\hooked_createmove.obj
f:\doubletap.space v4 src\doubletaprage.03.28.2021\doubletaprage.01.28.2020\doubletaprage.01.21.2020\doubletaprage.12.16.2020\doubletaprage.11.26.2020\backup\doubletaprage\bin\win32\release\hooked_runcommand.obj
f:\doubletap.space v4 src\doubletaprage.03.28.2021\doubletaprage.01.28.2020\doubletaprage.01.21.2020\doubletaprage.12.16.2020\doubletaprage.11.26.2020\backup\doubletaprage\bin\win32\release\imgui_demo.obj
f:\doubletap.space v4 src\doubletaprage.03.28.2021\doubletaprage.01.28.2020\doubletaprage.01.21.2020\doubletaprage.12.16.2020\doubletaprage.11.26.2020\backup\doubletaprage\bin\win32\release\inventorychanger.obj
f:\doubletap.space v4 src\doubletaprage.03.28.2021\doubletaprage.01.28.2020\doubletaprage.01.21.2020\doubletaprage.12.16.2020\doubletaprage.11.26.2020\backup\doubletaprage\bin\win32\release\vector2d.obj
f:\doubletap.space v4 src\doubletaprage.03.28.2021\doubletaprage.01.28.2020\doubletaprage.01.21.2020\doubletaprage.12.16.2020\doubletaprage.11.26.2020\backup\doubletaprage\bin\win32\release\vector4d.obj
f:\doubletap.space v4 src\doubletaprage.03.28.2021\doubletaprage.01.28.2020\doubletaprage.01.21.2020\doubletaprage.12.16.2020\doubletaprage.11.26.2020\backup\doubletaprage\bin\win32\release\memory.obj
f:\doubletap.space v4 src\doubletaprage.03.28.2021\doubletaprage.01.28.2020\doubletaprage.01.21.2020\doubletaprage.12.16.2020\doubletaprage.11.26.2020\backup\doubletaprage\bin\win32\release\skins.obj
f:\doubletap.space v4 src\doubletaprage.03.28.2021\doubletaprage.01.28.2020\doubletaprage.01.21.2020\doubletaprage.12.16.2020\doubletaprage.11.26.2020\backup\doubletaprage\bin\win32\release\cgrenadeapi.obj
f:\doubletap.space v4 src\doubletaprage.03.28.2021\doubletaprage.01.28.2020\doubletaprage.01.21.2020\doubletaprage.12.16.2020\doubletaprage.11.26.2020\backup\doubletaprage\bin\win32\release\misc.obj
f:\doubletap.space v4 src\doubletaprage.03.28.2021\doubletaprage.01.28.2020\doubletaprage.01.21.2020\doubletaprage.12.16.2020\doubletaprage.11.26.2020\backup\doubletaprage\bin\win32\release\firegameevent hook.obj
f:\doubletap.space v4 src\doubletaprage.03.28.2021\doubletaprage.01.28.2020\doubletaprage.01.21.2020\doubletaprage.12.16.2020\doubletaprage.11.26.2020\backup\doubletaprage\bin\win32\release\hooked_lockcursor.obj
f:\doubletap.space v4 src\doubletaprage.03.28.2021\doubletaprage.01.28.2020\doubletaprage.01.21.2020\doubletaprage.12.16.2020\doubletaprage.11.26.2020\backup\doubletaprage\bin\win32\release\viewmodel hook.obj
f:\doubletap.space v4 src\doubletaprage.03.28.2021\doubletaprage.01.28.2020\doubletaprage.01.21.2020\doubletaprage.12.16.2020\doubletaprage.11.26.2020\backup\doubletaprage\bin\win32\release\network.obj
f:\doubletap.space v4 src\doubletaprage.03.28.2021\doubletaprage.01.28.2020\doubletaprage.01.21.2020\doubletaprage.12.16.2020\doubletaprage.11.26.2020\backup\doubletaprage\bin\win32\release\checksum_crc.obj
f:\doubletap.space v4 src\doubletaprage.03.28.2021\doubletaprage.01.28.2020\doubletaprage.01.21.2020\doubletaprage.12.16.2020\doubletaprage.11.26.2020\backup\doubletaprage\bin\win32\release\color.obj
f:\doubletap.space v4 src\doubletaprage.03.28.2021\doubletaprage.01.28.2020\doubletaprage.01.21.2020\doubletaprage.12.16.2020\doubletaprage.11.26.2020\backup\doubletaprage\bin\win32\release\vdf_parser.obj
f:\doubletap.space v4 src\doubletaprage.03.28.2021\doubletaprage.01.28.2020\doubletaprage.01.21.2020\doubletaprage.12.16.2020\doubletaprage.11.26.2020\backup\doubletaprage\bin\win32\release\draw_manager.obj
f:\doubletap.space v4 src\doubletaprage.03.28.2021\doubletaprage.01.28.2020\doubletaprage.01.21.2020\doubletaprage.12.16.2020\doubletaprage.11.26.2020\backup\doubletaprage\bin\win32\release\setup_bones.obj
f:\doubletap.space v4 src\doubletaprage.03.28.2021\doubletaprage.01.28.2020\doubletaprage.01.21.2020\doubletaprage.12.16.2020\doubletaprage.11.26.2020\backup\doubletaprage\bin\win32\release\prediction_system.obj
f:\doubletap.space v4 src\doubletaprage.03.28.2021\doubletaprage.01.28.2020\doubletaprage.01.21.2020\doubletaprage.12.16.2020\doubletaprage.11.26.2020\backup\doubletaprage\bin\win32\release\other_esp.obj
f:\doubletap.space v4 src\doubletaprage.03.28.2021\doubletaprage.01.28.2020\doubletaprage.01.21.2020\doubletaprage.12.16.2020\doubletaprage.11.26.2020\backup\doubletaprage\bin\win32\release\hooked_fsn.obj
f:\doubletap.space v4 src\doubletaprage.03.28.2021\doubletaprage.01.28.2020\doubletaprage.01.21.2020\doubletaprage.12.16.2020\doubletaprage.11.26.2020\backup\doubletaprage\bin\win32\release\hooked_isconnected.obj
f:\doubletap.space v4 src\doubletaprage.03.28.2021\doubletaprage.01.28.2020\doubletaprage.01.21.2020\doubletaprage.12.16.2020\doubletaprage.11.26.2020\backup\doubletaprage\bin\win32\release\imgui_widgets.obj
f:\doubletap.space v4 src\doubletaprage.03.28.2021\doubletaprage.01.28.2020\doubletaprage.01.21.2020\doubletaprage.12.16.2020\doubletaprage.11.26.2020\backup\doubletaprage\bin\win32\release\js_functions.obj
f:\doubletap.space v4 src\doubletaprage.03.28.2021\doubletaprage.01.28.2020\doubletaprage.01.21.2020\doubletaprage.12.16.2020\doubletaprage.11.26.2020\backup\doubletaprage\bin\win32\release\md5.obj
f:\doubletap.space v4 src\doubletaprage.03.28.2021\doubletaprage.01.28.2020\doubletaprage.01.21.2020\doubletaprage.12.16.2020\doubletaprage.11.26.2020\backup\doubletaprage\bin\win32\release\recv.obj
f:\doubletap.space v4 src\doubletaprage.03.28.2021\doubletaprage.01.28.2020\doubletaprage.01.21.2020\doubletaprage.12.16.2020\doubletaprage.11.26.2020\backup\doubletaprage\bin\win32\release\menu.obj
f:\doubletap.space v4 src\doubletaprage.03.28.2021\doubletaprage.01.28.2020\doubletaprage.01.21.2020\doubletaprage.12.16.2020\doubletaprage.11.26.2020\backup\doubletaprage\bin\win32\release\dormant_esp.obj
f:\doubletap.space v4 src\doubletaprage.03.28.2021\doubletaprage.01.28.2020\doubletaprage.01.21.2020\doubletaprage.12.16.2020\doubletaprage.11.26.2020\backup\doubletaprage\bin\win32\release\hooked_drawfog.obj
f:\doubletap.space v4 src\doubletaprage.03.28.2021\doubletaprage.01.28.2020\doubletaprage.01.21.2020\doubletaprage.12.16.2020\doubletaprage.11.26.2020\backup\doubletaprage\bin\win32\release\hooked_painttraverse.obj
f:\doubletap.space v4 src\doubletaprage.03.28.2021\doubletaprage.01.28.2020\doubletaprage.01.21.2020\doubletaprage.12.16.2020\doubletaprage.11.26.2020\backup\doubletaprage\bin\win32\release\imgui.obj
f:\doubletap.space v4 src\doubletaprage.03.28.2021\doubletaprage.01.28.2020\doubletaprage.01.21.2020\doubletaprage.12.16.2020\doubletaprage.11.26.2020\backup\doubletaprage\bin\win32\release\protobuffs.obj
f:\doubletap.space v4 src\doubletaprage.03.28.2021\doubletaprage.01.28.2020\doubletaprage.01.21.2020\doubletaprage.12.16.2020\doubletaprage.11.26.2020\backup\doubletaprage\bin\win32\release\ctx.obj
f:\doubletap.space v4 src\doubletaprage.03.28.2021\doubletaprage.01.28.2020\doubletaprage.01.21.2020\doubletaprage.12.16.2020\doubletaprage.11.26.2020\backup\doubletaprage\bin\win32\release\legitbot.obj
f:\doubletap.space v4 src\doubletaprage.03.28.2021\doubletaprage.01.28.2020\doubletaprage.01.21.2020\doubletaprage.12.16.2020\doubletaprage.11.26.2020\backup\doubletaprage\bin\win32\release\knifebot.obj
f:\doubletap.space v4 src\doubletaprage.03.28.2021\doubletaprage.01.28.2020\doubletaprage.01.21.2020\doubletaprage.12.16.2020\doubletaprage.11.26.2020\backup\doubletaprage\bin\win32\release\hooked_beginframe.obj
f:\doubletap.space v4 src\doubletaprage.03.28.2021\doubletaprage.01.28.2020\doubletaprage.01.21.2020\doubletaprage.12.16.2020\doubletaprage.11.26.2020\backup\doubletaprage\bin\win32\release\hooked_overrideview.obj
f:\doubletap.space v4 src\doubletaprage.03.28.2021\doubletaprage.01.28.2020\doubletaprage.01.21.2020\doubletaprage.12.16.2020\doubletaprage.11.26.2020\backup\doubletaprage\bin\win32\release\vfunc_hook.obj
f:\doubletap.space v4 src\doubletaprage.03.28.2021\doubletaprage.01.28.2020\doubletaprage.01.21.2020\doubletaprage.12.16.2020\doubletaprage.11.26.2020\backup\doubletaprage\bin\win32\release\renderable.obj
f:\doubletap.space v4 src\doubletaprage.03.28.2021\doubletaprage.01.28.2020\doubletaprage.01.21.2020\doubletaprage.12.16.2020\doubletaprage.11.26.2020\backup\doubletaprage\bin\win32\release\convar.obj
f:\doubletap.space v4 src\doubletaprage.03.28.2021\doubletaprage.01.28.2020\doubletaprage.01.21.2020\doubletaprage.12.16.2020\doubletaprage.11.26.2020\backup\doubletaprage\bin\win32\release\twofish.obj
f:\doubletap.space v4 src\doubletaprage.03.28.2021\doubletaprage.01.28.2020\doubletaprage.01.21.2020\doubletaprage.12.16.2020\doubletaprage.11.26.2020\backup\doubletaprage\bin\win32\release\animation_system.obj
f:\doubletap.space v4 src\doubletaprage.03.28.2021\doubletaprage.01.28.2020\doubletaprage.01.21.2020\doubletaprage.12.16.2020\doubletaprage.11.26.2020\backup\doubletaprage\bin\win32\release\antiaim.obj
f:\doubletap.space v4 src\doubletaprage.03.28.2021\doubletaprage.01.28.2020\doubletaprage.01.21.2020\doubletaprage.12.16.2020\doubletaprage.11.26.2020\backup\doubletaprage\bin\win32\release\hooks.obj
f:\doubletap.space v4 src\doubletaprage.03.28.2021\doubletaprage.01.28.2020\doubletaprage.01.21.2020\doubletaprage.12.16.2020\doubletaprage.11.26.2020\backup\doubletaprage\bin\win32\release\hooked_senddatagram.obj
f:\doubletap.space v4 src\doubletaprage.03.28.2021\doubletaprage.01.28.2020\doubletaprage.01.21.2020\doubletaprage.12.16.2020\doubletaprage.11.26.2020\backup\doubletaprage\bin\win32\release\imgui_impl_dx9.obj
f:\doubletap.space v4 src\doubletaprage.03.28.2021\doubletaprage.01.28.2020\doubletaprage.01.21.2020\doubletaprage.12.16.2020\doubletaprage.11.26.2020\backup\doubletaprage\bin\win32\release\items.obj
f:\doubletap.space v4 src\doubletaprage.03.28.2021\doubletaprage.01.28.2020\doubletaprage.01.21.2020\doubletaprage.12.16.2020\doubletaprage.11.26.2020\backup\doubletaprage\bin\win32\release\js_loader.obj
f:\doubletap.space v4 src\doubletaprage.03.28.2021\doubletaprage.01.28.2020\doubletaprage.01.21.2020\doubletaprage.12.16.2020\doubletaprage.11.26.2020\backup\doubletaprage\bin\win32\release\netmanager.obj
f:\doubletap.space v4 src\doubletaprage.03.28.2021\doubletaprage.01.28.2020\doubletaprage.01.21.2020\doubletaprage.12.16.2020\doubletaprage.11.26.2020\backup\doubletaprage\bin\win32\release\autowall.obj
f:\doubletap.space v4 src\doubletaprage.03.28.2021\doubletaprage.01.28.2020\doubletaprage.01.21.2020\doubletaprage.12.16.2020\doubletaprage.11.26.2020\backup\doubletaprage\bin\win32\release\fakelag.obj
f:\doubletap.space v4 src\doubletaprage.03.28.2021\doubletaprage.01.28.2020\doubletaprage.01.21.2020\doubletaprage.12.16.2020\doubletaprage.11.26.2020\backup\doubletaprage\bin\win32\release\grenadeprediction.obj
f:\doubletap.space v4 src\doubletaprage.03.28.2021\doubletaprage.01.28.2020\doubletaprage.01.21.2020\doubletaprage.12.16.2020\doubletaprage.11.26.2020\backup\doubletaprage\bin\win32\release\hooked_events.obj
f:\doubletap.space v4 src\doubletaprage.03.28.2021\doubletaprage.01.28.2020\doubletaprage.01.21.2020\doubletaprage.12.16.2020\doubletaprage.11.26.2020\backup\doubletaprage\bin\win32\release\hooked_sceneend.obj
f:\doubletap.space v4 src\doubletaprage.03.28.2021\doubletaprage.01.28.2020\doubletaprage.01.21.2020\doubletaprage.12.16.2020\doubletaprage.11.26.2020\backup\doubletaprage\bin\win32\release\imgui_freetype.obj
f:\doubletap.space v4 src\doubletaprage.03.28.2021\doubletaprage.01.28.2020\doubletaprage.01.21.2020\doubletaprage.12.16.2020\doubletaprage.11.26.2020\backup\doubletaprage\bin\win32\release\console.obj
f:\doubletap.space v4 src\doubletaprage.03.28.2021\doubletaprage.01.28.2020\doubletaprage.01.21.2020\doubletaprage.12.16.2020\doubletaprage.11.26.2020\backup\doubletaprage\bin\win32\release\item_definitions.obj
f:\doubletap.space v4 src\doubletaprage.03.28.2021\doubletaprage.01.28.2020\doubletaprage.01.21.2020\doubletaprage.12.16.2020\doubletaprage.11.26.2020\backup\doubletaprage\bin\win32\release\platform.obj
f:\doubletap.space v4 src\doubletaprage.03.28.2021\doubletaprage.01.28.2020\doubletaprage.01.21.2020\doubletaprage.12.16.2020\doubletaprage.11.26.2020\backup\doubletaprage\bin\win32\release\custom_sounds.obj
f:\doubletap.space v4 src\doubletaprage.03.28.2021\doubletaprage.01.28.2020\doubletaprage.01.21.2020\doubletaprage.12.16.2020\doubletaprage.11.26.2020\backup\doubletaprage\bin\win32\release\sha-256.obj
f:\doubletap.space v4 src\doubletaprage.03.28.2021\doubletaprage.01.28.2020\doubletaprage.01.21.2020\doubletaprage.12.16.2020\doubletaprage.11.26.2020\backup\doubletaprage\bin\win32\release\resolver.obj
f:\doubletap.space v4 src\doubletaprage.03.28.2021\doubletaprage.01.28.2020\doubletaprage.01.21.2020\doubletaprage.12.16.2020\doubletaprage.11.26.2020\backup\doubletaprage\bin\win32\release\spammers.obj
f:\doubletap.space v4 src\doubletaprage.03.28.2021\doubletaprage.01.28.2020\doubletaprage.01.21.2020\doubletaprage.12.16.2020\doubletaprage.11.26.2020\backup\doubletaprage\bin\win32\release\nightmode.obj
f:\doubletap.space v4 src\doubletaprage.03.28.2021\doubletaprage.01.28.2020\doubletaprage.01.21.2020\doubletaprage.12.16.2020\doubletaprage.11.26.2020\backup\doubletaprage\bin\win32\release\hooked_findmdl.obj
f:\doubletap.space v4 src\doubletaprage.03.28.2021\doubletaprage.01.28.2020\doubletaprage.01.21.2020\doubletaprage.12.16.2020\doubletaprage.11.26.2020\backup\doubletaprage\bin\win32\release\hooked_player.obj
f:\doubletap.space v4 src\doubletaprage.03.28.2021\doubletaprage.01.28.2020\doubletaprage.01.21.2020\doubletaprage.12.16.2020\doubletaprage.11.26.2020\backup\doubletaprage\bin\win32\release\imgui_impl_win32.obj
f:\doubletap.space v4 src\doubletaprage.03.28.2021\doubletaprage.01.28.2020\doubletaprage.01.21.2020\doubletaprage.12.16.2020\doubletaprage.11.26.2020\backup\doubletaprage\bin\win32\release\jsoncpp.obj
f:\doubletap.space v4 src\doubletaprage.03.28.2021\doubletaprage.01.28.2020\doubletaprage.01.21.2020\doubletaprage.12.16.2020\doubletaprage.11.26.2020\backup\doubletaprage\bin\win32\release\skinchanger.obj
f:\doubletap.space v4 src\doubletaprage.03.28.2021\doubletaprage.01.28.2020\doubletaprage.01.21.2020\doubletaprage.12.16.2020\doubletaprage.11.26.2020\backup\doubletaprage\bin\win32\release\parserz.obj
f:\doubletap.space v4 src\doubletaprage.03.28.2021\doubletaprage.01.28.2020\doubletaprage.01.21.2020\doubletaprage.12.16.2020\doubletaprage.11.26.2020\backup\doubletaprage\bin\win32\release\local_animations.obj
f:\doubletap.space v4 src\doubletaprage.03.28.2021\doubletaprage.01.28.2020\doubletaprage.01.21.2020\doubletaprage.12.16.2020\doubletaprage.11.26.2020\backup\doubletaprage\bin\win32\release\bullet_tracers.obj
f:\doubletap.space v4 src\doubletaprage.03.28.2021\doubletaprage.01.28.2020\doubletaprage.01.21.2020\doubletaprage.12.16.2020\doubletaprage.11.26.2020\backup\doubletaprage\bin\win32\release\configs.obj
f:\doubletap.space v4 src\doubletaprage.03.28.2021\doubletaprage.01.28.2020\doubletaprage.01.21.2020\doubletaprage.12.16.2020\doubletaprage.11.26.2020\backup\doubletaprage\bin\win32\release\hooked_listleavesinbox.obj
f:\doubletap.space v4 src\doubletaprage.03.28.2021\doubletaprage.01.28.2020\doubletaprage.01.21.2020\doubletaprage.12.16.2020\doubletaprage.11.26.2020\backup\doubletaprage\bin\win32\release\sequence hook.obj
f:\doubletap.space v4 src\doubletaprage.03.28.2021\doubletaprage.01.28.2020\doubletaprage.01.21.2020\doubletaprage.12.16.2020\doubletaprage.11.26.2020\backup\doubletaprage\bin\win32\release\merged.obj
f:\doubletap.space v4 src\doubletaprage.03.28.2021\doubletaprage.01.28.2020\doubletaprage.01.21.2020\doubletaprage.12.16.2020\doubletaprage.11.26.2020\backup\doubletaprage\bin\win32\release\characterset.obj
f:\doubletap.space v4 src\doubletaprage.03.28.2021\doubletaprage.01.28.2020\doubletaprage.01.21.2020\doubletaprage.12.16.2020\doubletaprage.11.26.2020\backup\doubletaprage\bin\win32\release\checksum_md5.obj
f:\doubletap.space v4 src\doubletaprage.03.28.2021\doubletaprage.01.28.2020\doubletaprage.01.21.2020\doubletaprage.12.16.2020\doubletaprage.11.26.2020\backup\doubletaprage\bin\win32\release\utlstring.obj
f:\doubletap.space v4 src\doubletaprage.03.28.2021\doubletaprage.01.28.2020\doubletaprage.01.21.2020\doubletaprage.12.16.2020\doubletaprage.11.26.2020\backup\doubletaprage\bin\win32\release\csgo.obj
f:\doubletap.space v4 src\doubletaprage.03.28.2021\doubletaprage.01.28.2020\doubletaprage.01.21.2020\doubletaprage.12.16.2020\doubletaprage.11.26.2020\backup\doubletaprage\bin\win32\release\vc141.pdb
f:\doubletap.space v4 src\doubletaprage.03.28.2021\doubletaprage.01.28.2020\doubletaprage.01.21.2020\doubletaprage.12.16.2020\doubletaprage.11.26.2020\backup\doubletaprage\bin\win32\release\hde64.obj
f:\doubletap.space v4 src\doubletaprage.03.28.2021\doubletaprage.01.28.2020\doubletaprage.01.21.2020\doubletaprage.12.16.2020\doubletaprage.11.26.2020\backup\doubletaprage\bin\win32\release\hook.obj
f:\doubletap.space v4 src\doubletaprage.03.28.2021\doubletaprage.01.28.2020\doubletaprage.01.21.2020\doubletaprage.12.16.2020\doubletaprage.11.26.2020\backup\doubletaprage\bin\win32\release\trampoline.obj
f:\doubletap.space v4 src\doubletaprage.03.28.2021\doubletaprage.01.28.2020\doubletaprage.01.21.2020\doubletaprage.12.16.2020\doubletaprage.11.26.2020\backup\doubletaprage\bin\win32\release\duktape.obj
f:\doubletap.space v4 src\doubletaprage.03.28.2021\doubletaprage.01.28.2020\doubletaprage.01.21.2020\doubletaprage.12.16.2020\doubletaprage.11.26.2020\backup\doubletaprage\bin\win32\release\buffer.obj
f:\doubletap.space v4 src\doubletaprage.03.28.2021\doubletaprage.01.28.2020\doubletaprage.01.21.2020\doubletaprage.12.16.2020\doubletaprage.11.26.2020\backup\doubletaprage\bin\win32\release\hde32.obj
f:\doubletap.space v4 src\doubletaprage.03.28.2021\doubletaprage.01.28.2020\doubletaprage.01.21.2020\doubletaprage.12.16.2020\doubletaprage.11.26.2020\backup\doubletaprage\build\doubletap1.ipdb
f:\doubletap.space v4 src\doubletaprage.03.28.2021\doubletaprage.01.28.2020\doubletaprage.01.21.2020\doubletaprage.12.16.2020\doubletaprage.11.26.2020\backup\doubletaprage\build\doubletap1.iobj
f:\doubletap.space v4 src\doubletaprage.03.28.2021\doubletaprage.01.28.2020\doubletaprage.01.21.2020\doubletaprage.12.16.2020\doubletaprage.11.26.2020\backup\doubletaprage\build\doubletap1.dll
f:\doubletap.space v4 src\doubletaprage.03.28.2021\doubletaprage.01.28.2020\doubletaprage.01.21.2020\doubletaprage.12.16.2020\doubletaprage.11.26.2020\backup\doubletaprage\build\doubletap1.map
f:\doubletap.space v4 src\doubletaprage.03.28.2021\doubletaprage.01.28.2020\doubletaprage.01.21.2020\doubletaprage.12.16.2020\doubletaprage.11.26.2020\backup\doubletaprage\build\doubletap1.pdb
f:\doubletap.space v4 src\doubletaprage.03.28.2021\doubletaprage.01.28.2020\doubletaprage.01.21.2020\doubletaprage.12.16.2020\doubletaprage.11.26.2020\backup\doubletaprage\bin\win32\release\doubletap.tlog\cl.command.1.tlog
f:\doubletap.space v4 src\doubletaprage.03.28.2021\doubletaprage.01.28.2020\doubletaprage.01.21.2020\doubletaprage.12.16.2020\doubletaprage.11.26.2020\backup\doubletaprage\bin\win32\release\doubletap.tlog\cl.read.1.tlog
f:\doubletap.space v4 src\doubletaprage.03.28.2021\doubletaprage.01.28.2020\doubletaprage.01.21.2020\doubletaprage.12.16.2020\doubletaprage.11.26.2020\backup\doubletaprage\bin\win32\release\doubletap.tlog\cl.write.1.tlog
f:\doubletap.space v4 src\doubletaprage.03.28.2021\doubletaprage.01.28.2020\doubletaprage.01.21.2020\doubletaprage.12.16.2020\doubletaprage.11.26.2020\backup\doubletaprage\bin\win32\release\doubletap.tlog\doubletap.write.1u.tlog
f:\doubletap.space v4 src\doubletaprage.03.28.2021\doubletaprage.01.28.2020\doubletaprage.01.21.2020\doubletaprage.12.16.2020\doubletaprage.11.26.2020\backup\doubletaprage\bin\win32\release\doubletap.tlog\link.command.1.tlog
f:\doubletap.space v4 src\doubletaprage.03.28.2021\doubletaprage.01.28.2020\doubletaprage.01.21.2020\doubletaprage.12.16.2020\doubletaprage.11.26.2020\backup\doubletaprage\bin\win32\release\doubletap.tlog\link.read.1.tlog
f:\doubletap.space v4 src\doubletaprage.03.28.2021\doubletaprage.01.28.2020\doubletaprage.01.21.2020\doubletaprage.12.16.2020\doubletaprage.11.26.2020\backup\doubletaprage\bin\win32\release\doubletap.tlog\link.write.1.tlog
